# JRE version: OpenJDK Runtime Environment Temurin-17.0.6+10 (17.0.6+10) (build 17.0.6+10)
# Java VM: OpenJDK 64-Bit Server VM Temurin-17.0.6+10 (17.0.6+10, mixed mode, emulated-client, tiered, compressed oops, compressed class ptrs, g1 gc, windows-amd64)
GC Precious Log:
 CPUs: 8 total, 8 available
 Memory: 7937M
 Large Page Support: Disabled
 NUMA Support: Disabled
 Compressed Oops: Enabled (32-bit)
 Heap Region Size: 1M
 Heap Min Capacity: 8M
 Heap Initial Capacity: 126M
 Heap Max Capacity: 1986M
 Pre-touch: Disabled
 Parallel Workers: 8
 Concurrent Workers: 2
 Concurrent Refinement Workers: 8
 Periodic GC: Disabled
Heap:
 garbage-first heap   total 40960K, used 19040K [0x0000000083e00000, 0x0000000100000000)
  region size 1024K, 1 young (1024K), 1 survivors (1024K)
 Metaspace       used 40174K, committed 40576K, reserved 1089536K
  class space    used 5140K, committed 5312K, reserved 1048576K
GC Heap History (20 events):
Event: 1.940 GC heap after
{Heap after GC invocations=3 (full 0):
 garbage-first heap   total 129024K, used 9816K [0x0000000083e00000, 0x0000000100000000)
  region size 1024K, 2 young (2048K), 2 survivors (2048K)
 Metaspace       used 21245K, committed 21504K, reserved 1073152K
  class space    used 2478K, committed 2624K, reserved 1048576K
}
Event: 2.446 GC heap before
{Heap before GC invocations=4 (full 0):
 garbage-first heap   total 40960K, used 30296K [0x0000000083e00000, 0x0000000100000000)
  region size 1024K, 24 young (24576K), 2 survivors (2048K)
 Metaspace       used 26242K, committed 26496K, reserved 1073152K
  class space    used 3111K, committed 3264K, reserved 1048576K
}
Event: 2.449 GC heap after
{Heap after GC invocations=5 (full 0):
 garbage-first heap   total 40960K, used 10999K [0x0000000083e00000, 0x0000000100000000)
  region size 1024K, 3 young (3072K), 3 survivors (3072K)
 Metaspace       used 26242K, committed 26496K, reserved 1073152K
  class space    used 3111K, committed 3264K, reserved 1048576K
}
Event: 2.468 GC heap before
{Heap before GC invocations=5 (full 0):
 garbage-first heap   total 40960K, used 12023K [0x0000000083e00000, 0x0000000100000000)
  region size 1024K, 4 young (4096K), 3 survivors (3072K)
 Metaspace       used 26457K, committed 26752K, reserved 1073152K
  class space    used 3158K, committed 3264K, reserved 1048576K
}
Event: 2.472 GC heap after
{Heap after GC invocations=6 (full 0):
 garbage-first heap   total 40960K, used 11313K [0x0000000083e00000, 0x0000000100000000)
  region size 1024K, 1 young (1024K), 1 survivors (1024K)
 Metaspace       used 26457K, committed 26752K, reserved 1073152K
  class space    used 3158K, committed 3264K, reserved 1048576K
}
Event: 2.761 GC heap before
{Heap before GC invocations=6 (full 0):
 garbage-first heap   total 40960K, used 27697K [0x0000000083e00000, 0x0000000100000000)
  region size 1024K, 18 young (18432K), 1 survivors (1024K)
 Metaspace       used 28760K, committed 29120K, reserved 1081344K
  class space    used 3459K, committed 3648K, reserved 1048576K
}
Event: 2.763 GC heap after
{Heap after GC invocations=7 (full 0):
 garbage-first heap   total 40960K, used 13116K [0x0000000083e00000, 0x0000000100000000)
  region size 1024K, 3 young (3072K), 3 survivors (3072K)
 Metaspace       used 28760K, committed 29120K, reserved 1081344K
  class space    used 3459K, committed 3648K, reserved 1048576K
}
Event: 3.024 GC heap before
{Heap before GC invocations=7 (full 0):
 garbage-first heap   total 40960K, used 29500K [0x0000000083e00000, 0x0000000100000000)
  region size 1024K, 19 young (19456K), 3 survivors (3072K)
 Metaspace       used 29606K, committed 29952K, reserved 1081344K
  class space    used 3595K, committed 3776K, reserved 1048576K
}
Event: 3.026 GC heap after
{Heap after GC invocations=8 (full 0):
 garbage-first heap   total 40960K, used 14050K [0x0000000083e00000, 0x0000000100000000)
  region size 1024K, 2 young (2048K), 2 survivors (2048K)
 Metaspace       used 29606K, committed 29952K, reserved 1081344K
  class space    used 3595K, committed 3776K, reserved 1048576K
}
Event: 3.438 GC heap before
{Heap before GC invocations=8 (full 0):
 garbage-first heap   total 40960K, used 29410K [0x0000000083e00000, 0x0000000100000000)
  region size 1024K, 17 young (17408K), 2 survivors (2048K)
 Metaspace       used 31545K, committed 31872K, reserved 1081344K
  class space    used 3884K, committed 4032K, reserved 1048576K
}
Event: 3.440 GC heap after
{Heap after GC invocations=9 (full 0):
 garbage-first heap   total 40960K, used 15014K [0x0000000083e00000, 0x0000000100000000)
  region size 1024K, 3 young (3072K), 3 survivors (3072K)
 Metaspace       used 31545K, committed 31872K, reserved 1081344K
  class space    used 3884K, committed 4032K, reserved 1048576K
}
Event: 3.742 GC heap before
{Heap before GC invocations=9 (full 0):
 garbage-first heap   total 40960K, used 30374K [0x0000000083e00000, 0x0000000100000000)
  region size 1024K, 18 young (18432K), 3 survivors (3072K)
 Metaspace       used 33844K, committed 34304K, reserved 1081344K
  class space    used 4257K, committed 4480K, reserved 1048576K
}
Event: 3.745 GC heap after
{Heap after GC invocations=10 (full 0):
 garbage-first heap   total 40960K, used 16372K [0x0000000083e00000, 0x0000000100000000)
  region size 1024K, 3 young (3072K), 3 survivors (3072K)
 Metaspace       used 33844K, committed 34304K, reserved 1081344K
  class space    used 4257K, committed 4480K, reserved 1048576K
}
Event: 3.960 GC heap before
{Heap before GC invocations=10 (full 0):
 garbage-first heap   total 40960K, used 27636K [0x0000000083e00000, 0x0000000100000000)
  region size 1024K, 15 young (15360K), 3 survivors (3072K)
 Metaspace       used 35516K, committed 35968K, reserved 1081344K
  class space    used 4519K, committed 4736K, reserved 1048576K
}
Event: 3.963 GC heap after
{Heap after GC invocations=11 (full 0):
 garbage-first heap   total 40960K, used 17792K [0x0000000083e00000, 0x0000000100000000)
  region size 1024K, 3 young (3072K), 3 survivors (3072K)
 Metaspace       used 35516K, committed 35968K, reserved 1081344K
  class space    used 4519K, committed 4736K, reserved 1048576K
}
Event: 4.247 GC heap before
{Heap before GC invocations=12 (full 0):
 garbage-first heap   total 40960K, used 31104K [0x0000000083e00000, 0x0000000100000000)
  region size 1024K, 17 young (17408K), 3 survivors (3072K)
 Metaspace       used 37456K, committed 37952K, reserved 1089536K
  class space    used 4754K, committed 4992K, reserved 1048576K
}
Event: 4.250 GC heap after
{Heap after GC invocations=13 (full 0):
 garbage-first heap   total 40960K, used 18705K [0x0000000083e00000, 0x0000000100000000)
  region size 1024K, 3 young (3072K), 3 survivors (3072K)
 Metaspace       used 37456K, committed 37952K, reserved 1089536K
  class space    used 4754K, committed 4992K, reserved 1048576K
}
Event: 4.273 GC heap before
{Heap before GC invocations=13 (full 0):
 garbage-first heap   total 40960K, used 19729K [0x0000000083e00000, 0x0000000100000000)
  region size 1024K, 4 young (4096K), 3 survivors (3072K)
 Metaspace       used 37621K, committed 38080K, reserved 1089536K
  class space    used 4778K, committed 4992K, reserved 1048576K
}
Event: 4.275 GC heap after
{Heap after GC invocations=14 (full 0):
 garbage-first heap   total 40960K, used 18603K [0x0000000083e00000, 0x0000000100000000)
  region size 1024K, 1 young (1024K), 1 survivors (1024K)
 Metaspace       used 37621K, committed 38080K, reserved 1089536K
  class space    used 4778K, committed 4992K, reserved 1048576K
}
Event: 4.515 GC heap before
{Heap before GC invocations=14 (full 0):
 garbage-first heap   total 40960K, used 31915K [0x0000000083e00000, 0x0000000100000000)
  region size 1024K, 14 young (14336K), 1 survivors (1024K)
 Metaspace       used 40174K, committed 40576K, reserved 1089536K
  class space    used 5140K, committed 5312K, reserved 1048576K
}

